<?xml version="1.0" encoding="UTF-8"?>
<testsuite name="sort.BubbleSortTest" tests="1" skipped="0" failures="0" errors="0" timestamp="2020-06-12T01:56:10" hostname="yanpliu.local" time="0.0">
  <properties/>
  <testcase name="should_be_true" classname="sort.BubbleSortTest" time="0.0"/>
  <system-out><![CDATA[]]></system-out>
  <system-err><![CDATA[]]></system-err>
</testsuite>
